;  LST file generated by mikroListExporter - v.2.0 
; Date/Time: 10/07/2014 04:46:13 ã
;----------------------------------------------

;Address Opcode 	ASM
0x0000	0x2963      	GOTO       355
_LEFT:
;MyProject.c,53 :: 		void LEFT()
;MyProject.c,55 :: 		M2_backward = on;
0x0003	0x1283      	BCF        STATUS, 5
0x0004	0x1303      	BCF        STATUS, 6
0x0005	0x1486      	BSF        PORTB, 1
;MyProject.c,56 :: 		M1_forward = on;
0x0006	0x1506      	BSF        PORTB, 2
;MyProject.c,57 :: 		M2_forward = off;       //
0x0007	0x1006      	BCF        PORTB, 0
;MyProject.c,58 :: 		M1_backward = off;        //
0x0008	0x1186      	BCF        PORTB, 3
;MyProject.c,59 :: 		gripper_hold = on;        //
0x0009	0x1786      	BSF        PORTB, 7
;MyProject.c,60 :: 		gripper_realese = off;
0x000A	0x1306      	BCF        PORTB, 6
;MyProject.c,61 :: 		gripper_up = off;
0x000B	0x1206      	BCF        PORTB, 4
;MyProject.c,62 :: 		gripper_down = off;
0x000C	0x1286      	BCF        PORTB, 5
;MyProject.c,63 :: 		}
L_end_LEFT:
0x000D	0x0008      	RETURN
; end of _LEFT
_down:
;MyProject.c,109 :: 		void down()
;MyProject.c,111 :: 		gripper_down = on;
0x000E	0x1283      	BCF        STATUS, 5
0x000F	0x1303      	BCF        STATUS, 6
0x0010	0x1686      	BSF        PORTB, 5
;MyProject.c,112 :: 		gripper_hold = off;              //
0x0011	0x1386      	BCF        PORTB, 7
;MyProject.c,113 :: 		gripper_up =  off;               //
0x0012	0x1206      	BCF        PORTB, 4
;MyProject.c,114 :: 		gripper_realese = off;           //
0x0013	0x1306      	BCF        PORTB, 6
;MyProject.c,115 :: 		}
L_end_down:
0x0014	0x0008      	RETURN
; end of _down
_Motor_off:
;MyProject.c,76 :: 		void Motor_off()
;MyProject.c,78 :: 		M1_forward = off;
0x0015	0x1283      	BCF        STATUS, 5
0x0016	0x1303      	BCF        STATUS, 6
0x0017	0x1106      	BCF        PORTB, 2
;MyProject.c,79 :: 		M2_forward = off;
0x0018	0x1006      	BCF        PORTB, 0
;MyProject.c,80 :: 		M1_backward = off;
0x0019	0x1186      	BCF        PORTB, 3
;MyProject.c,81 :: 		M2_backward = off;
0x001A	0x1086      	BCF        PORTB, 1
;MyProject.c,82 :: 		gripper_hold = on;
0x001B	0x1786      	BSF        PORTB, 7
;MyProject.c,83 :: 		gripper_up =  off;            //
0x001C	0x1206      	BCF        PORTB, 4
;MyProject.c,84 :: 		gripper_down = off;             //
0x001D	0x1286      	BCF        PORTB, 5
;MyProject.c,85 :: 		gripper_realese = off;            //
0x001E	0x1306      	BCF        PORTB, 6
;MyProject.c,86 :: 		}
L_end_Motor_off:
0x001F	0x0008      	RETURN
; end of _Motor_off
_RIGHT:
;MyProject.c,64 :: 		void RIGHT()
;MyProject.c,66 :: 		M1_forward = off;            //
0x0020	0x1283      	BCF        STATUS, 5
0x0021	0x1303      	BCF        STATUS, 6
0x0022	0x1106      	BCF        PORTB, 2
;MyProject.c,67 :: 		M2_backward = off;         //
0x0023	0x1086      	BCF        PORTB, 1
;MyProject.c,68 :: 		M1_backward = on;
0x0024	0x1586      	BSF        PORTB, 3
;MyProject.c,69 :: 		M2_forward = on;
0x0025	0x1406      	BSF        PORTB, 0
;MyProject.c,70 :: 		gripper_hold = on;
0x0026	0x1786      	BSF        PORTB, 7
;MyProject.c,71 :: 		gripper_realese = off;
0x0027	0x1306      	BCF        PORTB, 6
;MyProject.c,72 :: 		gripper_up = off;
0x0028	0x1206      	BCF        PORTB, 4
;MyProject.c,73 :: 		gripper_down = off;
0x0029	0x1286      	BCF        PORTB, 5
;MyProject.c,74 :: 		}
L_end_RIGHT:
0x002A	0x0008      	RETURN
; end of _RIGHT
_up:
;MyProject.c,102 :: 		void up()
;MyProject.c,104 :: 		gripper_up = on;
0x002B	0x1283      	BCF        STATUS, 5
0x002C	0x1303      	BCF        STATUS, 6
0x002D	0x1606      	BSF        PORTB, 4
;MyProject.c,105 :: 		gripper_hold = off;              //
0x002E	0x1386      	BCF        PORTB, 7
;MyProject.c,106 :: 		gripper_down = off;              //
0x002F	0x1286      	BCF        PORTB, 5
;MyProject.c,107 :: 		gripper_realese = off;           //
0x0030	0x1306      	BCF        PORTB, 6
;MyProject.c,108 :: 		}
L_end_up:
0x0031	0x0008      	RETURN
; end of _up
_Release:
;MyProject.c,94 :: 		void Release()
;MyProject.c,96 :: 		gripper_realese = on;
0x0032	0x1283      	BCF        STATUS, 5
0x0033	0x1303      	BCF        STATUS, 6
0x0034	0x1706      	BSF        PORTB, 6
;MyProject.c,97 :: 		gripper_hold = off;              //
0x0035	0x1386      	BCF        PORTB, 7
;MyProject.c,98 :: 		gripper_up =  off;               //
0x0036	0x1206      	BCF        PORTB, 4
;MyProject.c,99 :: 		gripper_down = off;               //
0x0037	0x1286      	BCF        PORTB, 5
;MyProject.c,101 :: 		}
L_end_Release:
0x0038	0x0008      	RETURN
; end of _Release
_Hold:
;MyProject.c,87 :: 		void Hold()
;MyProject.c,89 :: 		gripper_hold = on;
0x0039	0x1283      	BCF        STATUS, 5
0x003A	0x1303      	BCF        STATUS, 6
0x003B	0x1786      	BSF        PORTB, 7
;MyProject.c,90 :: 		gripper_up =  off;                   //
0x003C	0x1206      	BCF        PORTB, 4
;MyProject.c,91 :: 		gripper_down = off;                   //
0x003D	0x1286      	BCF        PORTB, 5
;MyProject.c,92 :: 		gripper_realese = off;                //
0x003E	0x1306      	BCF        PORTB, 6
;MyProject.c,93 :: 		}
L_end_Hold:
0x003F	0x0008      	RETURN
; end of _Hold
_Backward:
;MyProject.c,42 :: 		void Backward()
;MyProject.c,44 :: 		M1_backward = on;
0x0040	0x1283      	BCF        STATUS, 5
0x0041	0x1303      	BCF        STATUS, 6
0x0042	0x1586      	BSF        PORTB, 3
;MyProject.c,45 :: 		M2_backward = on;
0x0043	0x1486      	BSF        PORTB, 1
;MyProject.c,46 :: 		M1_forward = off;    //
0x0044	0x1106      	BCF        PORTB, 2
;MyProject.c,47 :: 		M2_forward = off;
0x0045	0x1006      	BCF        PORTB, 0
;MyProject.c,48 :: 		gripper_hold = on;   //
0x0046	0x1786      	BSF        PORTB, 7
;MyProject.c,49 :: 		gripper_realese = off;
0x0047	0x1306      	BCF        PORTB, 6
;MyProject.c,50 :: 		gripper_up = off;
0x0048	0x1206      	BCF        PORTB, 4
;MyProject.c,51 :: 		gripper_down = off;     //
0x0049	0x1286      	BCF        PORTB, 5
;MyProject.c,52 :: 		}
L_end_Backward:
0x004A	0x0008      	RETURN
; end of _Backward
_Forward:
;MyProject.c,31 :: 		void Forward()
;MyProject.c,33 :: 		M1_forward = on;
0x004B	0x1283      	BCF        STATUS, 5
0x004C	0x1303      	BCF        STATUS, 6
0x004D	0x1506      	BSF        PORTB, 2
;MyProject.c,34 :: 		M2_forward = on;
0x004E	0x1406      	BSF        PORTB, 0
;MyProject.c,35 :: 		M1_backward = off; //
0x004F	0x1186      	BCF        PORTB, 3
;MyProject.c,36 :: 		M2_backward = off; //
0x0050	0x1086      	BCF        PORTB, 1
;MyProject.c,37 :: 		gripper_hold = on; //
0x0051	0x1786      	BSF        PORTB, 7
;MyProject.c,38 :: 		gripper_realese = off;
0x0052	0x1306      	BCF        PORTB, 6
;MyProject.c,39 :: 		gripper_up = off;
0x0053	0x1206      	BCF        PORTB, 4
;MyProject.c,40 :: 		gripper_down = off;
0x0054	0x1286      	BCF        PORTB, 5
;MyProject.c,41 :: 		}
L_end_Forward:
0x0055	0x0008      	RETURN
; end of _Forward
_____DoICP:
;__Lib_System.c,6 :: 		
;__Lib_System.c,9 :: 		
0x0056	0x1283      	BCF        STATUS, 5
0x0057	0x1303      	BCF        STATUS, 6
0x0058	0x0821      	MOVF       ___DoICPAddr+1, 0
0x0059	0x008A      	MOVWF      PCLATH
;__Lib_System.c,10 :: 		
0x005A	0x0820      	MOVF       ___DoICPAddr, 0
0x005B	0x0082      	MOVWF      PCL
;__Lib_System.c,12 :: 		
L_end_____DoICP:
0x005C	0x0008      	RETURN
; end of _____DoICP
_OFFF:
;MyProject.c,123 :: 		void OFFF()
;MyProject.c,125 :: 		M1_forward = off;
0x005D	0x1283      	BCF        STATUS, 5
0x005E	0x1303      	BCF        STATUS, 6
0x005F	0x1106      	BCF        PORTB, 2
;MyProject.c,126 :: 		M2_forward = off;
0x0060	0x1006      	BCF        PORTB, 0
;MyProject.c,127 :: 		M1_backward = off;
0x0061	0x1186      	BCF        PORTB, 3
;MyProject.c,128 :: 		M2_backward = off;
0x0062	0x1086      	BCF        PORTB, 1
;MyProject.c,129 :: 		gripper_hold = off;
0x0063	0x1386      	BCF        PORTB, 7
;MyProject.c,130 :: 		gripper_realese = off;
0x0064	0x1306      	BCF        PORTB, 6
;MyProject.c,131 :: 		gripper_up = off;
0x0065	0x1206      	BCF        PORTB, 4
;MyProject.c,132 :: 		gripper_down = off;
0x0066	0x1286      	BCF        PORTB, 5
;MyProject.c,133 :: 		}
L_end_OFFF:
0x0067	0x0008      	RETURN
; end of _OFFF
___CC2DW:
;__Lib_System.c,134 :: 		
;__Lib_System.c,137 :: 		
_CC2D_Loop1:
;__Lib_System.c,139 :: 		
0x0068	0x2056      	CALL       _____DoICP
0x0069	0x118A      	BCF        PCLATH, 3
0x006A	0x120A      	BCF        PCLATH, 4
;__Lib_System.c,141 :: 		
0x006B	0x0080      	MOVWF      INDF
;__Lib_System.c,142 :: 		
0x006C	0x0A84      	INCF       FSR, 1
;__Lib_System.c,143 :: 		
0x006D	0x0AA0      	INCF       ___DoICPAddr, 1
;__Lib_System.c,145 :: 		
0x006E	0x1903      	BTFSC      STATUS, 2
;__Lib_System.c,146 :: 		
0x006F	0x0AA1      	INCF       ___DoICPAddr+1, 1
;__Lib_System.c,147 :: 		
0x0070	0x03F0      	DECF       R0, 1
;__Lib_System.c,149 :: 		
0x0071	0x1D03      	BTFSS      STATUS, 2
;__Lib_System.c,150 :: 		
0x0072	0x2868      	GOTO       _CC2D_Loop1
;__Lib_System.c,152 :: 		
L_end___CC2DW:
0x0073	0x0008      	RETURN
; end of ___CC2DW
_manual:
;MyProject.c,135 :: 		void manual (){
;MyProject.c,136 :: 		while (Button_Auto==off){
L_manual0:
0x0074	0x1283      	BCF        STATUS, 5
0x0075	0x1303      	BCF        STATUS, 6
0x0076	0x1A88      	BTFSC      PORTD, 5
0x0077	0x289A      	GOTO       L_manual1
;MyProject.c,138 :: 		if( Button_LEFT == on )
0x0078	0x1C07      	BTFSS      PORTC, 0
0x0079	0x287C      	GOTO       L_manual2
;MyProject.c,139 :: 		LEFT();
0x007A	0x2003      	CALL       _LEFT
0x007B	0x2899      	GOTO       L_manual3
L_manual2:
;MyProject.c,140 :: 		else if ( Button_RIGHT == on )
0x007C	0x1C87      	BTFSS      PORTC, 1
0x007D	0x2880      	GOTO       L_manual4
;MyProject.c,141 :: 		RIGHT();
0x007E	0x2020      	CALL       _RIGHT
0x007F	0x2899      	GOTO       L_manual5
L_manual4:
;MyProject.c,142 :: 		else if ( Button_Forward == on )
0x0080	0x1D07      	BTFSS      PORTC, 2
0x0081	0x2884      	GOTO       L_manual6
;MyProject.c,143 :: 		Forward();
0x0082	0x204B      	CALL       _Forward
0x0083	0x2899      	GOTO       L_manual7
L_manual6:
;MyProject.c,144 :: 		else if ( Button_backward == on )
0x0084	0x1D87      	BTFSS      PORTC, 3
0x0085	0x2888      	GOTO       L_manual8
;MyProject.c,145 :: 		Backward();
0x0086	0x2040      	CALL       _Backward
0x0087	0x2899      	GOTO       L_manual9
L_manual8:
;MyProject.c,146 :: 		else if ( Button_gripper_up == on )
0x0088	0x1E08      	BTFSS      PORTD, 4
0x0089	0x288C      	GOTO       L_manual10
;MyProject.c,147 :: 		up();
0x008A	0x202B      	CALL       _up
0x008B	0x2899      	GOTO       L_manual11
L_manual10:
;MyProject.c,148 :: 		else if ( Button_gripper_down == on )
0x008C	0x1E87      	BTFSS      PORTC, 5
0x008D	0x2890      	GOTO       L_manual12
;MyProject.c,149 :: 		down();
0x008E	0x200E      	CALL       _down
0x008F	0x2899      	GOTO       L_manual13
L_manual12:
;MyProject.c,150 :: 		else if ( Button_gripper_hold == on )
0x0090	0x1F87      	BTFSS      PORTC, 7
0x0091	0x2894      	GOTO       L_manual14
;MyProject.c,151 :: 		Hold() ;
0x0092	0x2039      	CALL       _Hold
0x0093	0x2899      	GOTO       L_manual15
L_manual14:
;MyProject.c,152 :: 		else if ( Button_gripper_realese == on )
0x0094	0x1F07      	BTFSS      PORTC, 6
0x0095	0x2898      	GOTO       L_manual16
;MyProject.c,153 :: 		Release();
0x0096	0x2032      	CALL       _Release
0x0097	0x2899      	GOTO       L_manual17
L_manual16:
;MyProject.c,155 :: 		OFFF();
0x0098	0x205D      	CALL       _OFFF
L_manual17:
L_manual15:
L_manual13:
L_manual11:
L_manual9:
L_manual7:
L_manual5:
L_manual3:
;MyProject.c,156 :: 		}
0x0099	0x2874      	GOTO       L_manual0
L_manual1:
;MyProject.c,157 :: 		}
L_end_manual:
0x009A	0x0008      	RETURN
; end of _manual
_autoo:
;MyProject.c,158 :: 		void autoo () {
;MyProject.c,160 :: 		while (Button_Auto==on){
L_autoo18:
0x009B	0x1283      	BCF        STATUS, 5
0x009C	0x1303      	BCF        STATUS, 6
0x009D	0x1E88      	BTFSS      PORTD, 5
0x009E	0x2962      	GOTO       L_autoo19
;MyProject.c,161 :: 		if (LDR_FRONT==off)//
0x009F	0x1988      	BTFSC      PORTD, 3
0x00A0	0x2929      	GOTO       L_autoo20
;MyProject.c,163 :: 		if( LDR_RIGHT==on && LDR_CENTRE==on && LDR_LEFT==on )
0x00A1	0x1C08      	BTFSS      PORTD, 0
0x00A2	0x28B2      	GOTO       L_autoo23
0x00A3	0x1C88      	BTFSS      PORTD, 1
0x00A4	0x28B2      	GOTO       L_autoo23
0x00A5	0x1D08      	BTFSS      PORTD, 2
0x00A6	0x28B2      	GOTO       L_autoo23
L__autoo112:
;MyProject.c,164 :: 		while (LDR_RIGHT==on && LDR_CENTRE==on && LDR_LEFT==on)
L_autoo24:
0x00A7	0x1C08      	BTFSS      PORTD, 0
0x00A8	0x28B1      	GOTO       L_autoo25
0x00A9	0x1C88      	BTFSS      PORTD, 1
0x00AA	0x28B1      	GOTO       L_autoo25
0x00AB	0x1D08      	BTFSS      PORTD, 2
0x00AC	0x28B1      	GOTO       L_autoo25
L__autoo111:
;MyProject.c,166 :: 		Motor_off();
0x00AD	0x2015      	CALL       _Motor_off
;MyProject.c,167 :: 		up() ;
0x00AE	0x202B      	CALL       _up
;MyProject.c,168 :: 		Hold() ;
0x00AF	0x2039      	CALL       _Hold
;MyProject.c,169 :: 		}
0x00B0	0x28A7      	GOTO       L_autoo24
L_autoo25:
0x00B1	0x2928      	GOTO       L_autoo28
L_autoo23:
;MyProject.c,170 :: 		else if ( LDR_RIGHT==off && LDR_CENTRE==on && LDR_LEFT==on )
0x00B2	0x1808      	BTFSC      PORTD, 0
0x00B3	0x28C3      	GOTO       L_autoo31
0x00B4	0x1C88      	BTFSS      PORTD, 1
0x00B5	0x28C3      	GOTO       L_autoo31
0x00B6	0x1D08      	BTFSS      PORTD, 2
0x00B7	0x28C3      	GOTO       L_autoo31
L__autoo110:
;MyProject.c,171 :: 		while ( LDR_RIGHT==off && LDR_CENTRE==on && LDR_LEFT==on)
L_autoo32:
0x00B8	0x1808      	BTFSC      PORTD, 0
0x00B9	0x28C2      	GOTO       L_autoo33
0x00BA	0x1C88      	BTFSS      PORTD, 1
0x00BB	0x28C2      	GOTO       L_autoo33
0x00BC	0x1D08      	BTFSS      PORTD, 2
0x00BD	0x28C2      	GOTO       L_autoo33
L__autoo109:
;MyProject.c,173 :: 		LEFT();
0x00BE	0x2003      	CALL       _LEFT
;MyProject.c,174 :: 		up() ;
0x00BF	0x202B      	CALL       _up
;MyProject.c,175 :: 		Hold();
0x00C0	0x2039      	CALL       _Hold
;MyProject.c,176 :: 		}
0x00C1	0x28B8      	GOTO       L_autoo32
L_autoo33:
0x00C2	0x2928      	GOTO       L_autoo36
L_autoo31:
;MyProject.c,177 :: 		else if ( LDR_RIGHT==on && LDR_CENTRE==off && LDR_LEFT==on)
0x00C3	0x1C08      	BTFSS      PORTD, 0
0x00C4	0x28D4      	GOTO       L_autoo39
0x00C5	0x1888      	BTFSC      PORTD, 1
0x00C6	0x28D4      	GOTO       L_autoo39
0x00C7	0x1D08      	BTFSS      PORTD, 2
0x00C8	0x28D4      	GOTO       L_autoo39
L__autoo108:
;MyProject.c,178 :: 		while( LDR_RIGHT==on && LDR_CENTRE==off && LDR_LEFT==on)
L_autoo40:
0x00C9	0x1C08      	BTFSS      PORTD, 0
0x00CA	0x28D3      	GOTO       L_autoo41
0x00CB	0x1888      	BTFSC      PORTD, 1
0x00CC	0x28D3      	GOTO       L_autoo41
0x00CD	0x1D08      	BTFSS      PORTD, 2
0x00CE	0x28D3      	GOTO       L_autoo41
L__autoo107:
;MyProject.c,180 :: 		Forward();
0x00CF	0x204B      	CALL       _Forward
;MyProject.c,181 :: 		up() ;
0x00D0	0x202B      	CALL       _up
;MyProject.c,182 :: 		Hold() ;
0x00D1	0x2039      	CALL       _Hold
;MyProject.c,183 :: 		}
0x00D2	0x28C9      	GOTO       L_autoo40
L_autoo41:
0x00D3	0x2928      	GOTO       L_autoo44
L_autoo39:
;MyProject.c,184 :: 		else if ( LDR_RIGHT==off && LDR_CENTRE==off && LDR_LEFT==on)
0x00D4	0x1808      	BTFSC      PORTD, 0
0x00D5	0x28E5      	GOTO       L_autoo47
0x00D6	0x1888      	BTFSC      PORTD, 1
0x00D7	0x28E5      	GOTO       L_autoo47
0x00D8	0x1D08      	BTFSS      PORTD, 2
0x00D9	0x28E5      	GOTO       L_autoo47
L__autoo106:
;MyProject.c,185 :: 		while  (LDR_RIGHT==off && LDR_CENTRE==off && LDR_LEFT==on)
L_autoo48:
0x00DA	0x1808      	BTFSC      PORTD, 0
0x00DB	0x28E4      	GOTO       L_autoo49
0x00DC	0x1888      	BTFSC      PORTD, 1
0x00DD	0x28E4      	GOTO       L_autoo49
0x00DE	0x1D08      	BTFSS      PORTD, 2
0x00DF	0x28E4      	GOTO       L_autoo49
L__autoo105:
;MyProject.c,187 :: 		LEFT();
0x00E0	0x2003      	CALL       _LEFT
;MyProject.c,188 :: 		up() ;
0x00E1	0x202B      	CALL       _up
;MyProject.c,189 :: 		Hold() ;
0x00E2	0x2039      	CALL       _Hold
;MyProject.c,190 :: 		}
0x00E3	0x28DA      	GOTO       L_autoo48
L_autoo49:
0x00E4	0x2928      	GOTO       L_autoo52
L_autoo47:
;MyProject.c,191 :: 		else if ( LDR_RIGHT==on && LDR_CENTRE==on && LDR_LEFT==off)
0x00E5	0x1C08      	BTFSS      PORTD, 0
0x00E6	0x28F6      	GOTO       L_autoo55
0x00E7	0x1C88      	BTFSS      PORTD, 1
0x00E8	0x28F6      	GOTO       L_autoo55
0x00E9	0x1908      	BTFSC      PORTD, 2
0x00EA	0x28F6      	GOTO       L_autoo55
L__autoo104:
;MyProject.c,192 :: 		while ( LDR_RIGHT==on && LDR_CENTRE==on && LDR_LEFT==off)
L_autoo56:
0x00EB	0x1C08      	BTFSS      PORTD, 0
0x00EC	0x28F5      	GOTO       L_autoo57
0x00ED	0x1C88      	BTFSS      PORTD, 1
0x00EE	0x28F5      	GOTO       L_autoo57
0x00EF	0x1908      	BTFSC      PORTD, 2
0x00F0	0x28F5      	GOTO       L_autoo57
L__autoo103:
;MyProject.c,194 :: 		RIGHT();
0x00F1	0x2020      	CALL       _RIGHT
;MyProject.c,195 :: 		up() ;
0x00F2	0x202B      	CALL       _up
;MyProject.c,196 :: 		Hold() ;
0x00F3	0x2039      	CALL       _Hold
;MyProject.c,197 :: 		}
0x00F4	0x28EB      	GOTO       L_autoo56
L_autoo57:
0x00F5	0x2928      	GOTO       L_autoo60
L_autoo55:
;MyProject.c,198 :: 		else if ( LDR_RIGHT==off && LDR_CENTRE==on && LDR_LEFT==off)
0x00F6	0x1808      	BTFSC      PORTD, 0
0x00F7	0x2907      	GOTO       L_autoo63
0x00F8	0x1C88      	BTFSS      PORTD, 1
0x00F9	0x2907      	GOTO       L_autoo63
0x00FA	0x1908      	BTFSC      PORTD, 2
0x00FB	0x2907      	GOTO       L_autoo63
L__autoo102:
;MyProject.c,199 :: 		while ( LDR_RIGHT==off && LDR_CENTRE==on && LDR_LEFT==off)
L_autoo64:
0x00FC	0x1808      	BTFSC      PORTD, 0
0x00FD	0x2906      	GOTO       L_autoo65
0x00FE	0x1C88      	BTFSS      PORTD, 1
0x00FF	0x2906      	GOTO       L_autoo65
0x0100	0x1908      	BTFSC      PORTD, 2
0x0101	0x2906      	GOTO       L_autoo65
L__autoo101:
;MyProject.c,201 :: 		Forward();
0x0102	0x204B      	CALL       _Forward
;MyProject.c,202 :: 		up() ;
0x0103	0x202B      	CALL       _up
;MyProject.c,203 :: 		Hold() ;
0x0104	0x2039      	CALL       _Hold
;MyProject.c,204 :: 		}
0x0105	0x28FC      	GOTO       L_autoo64
L_autoo65:
0x0106	0x2928      	GOTO       L_autoo68
L_autoo63:
;MyProject.c,205 :: 		else if (LDR_RIGHT==on && LDR_CENTRE==off && LDR_LEFT==off)
0x0107	0x1C08      	BTFSS      PORTD, 0
0x0108	0x2918      	GOTO       L_autoo71
0x0109	0x1888      	BTFSC      PORTD, 1
0x010A	0x2918      	GOTO       L_autoo71
0x010B	0x1908      	BTFSC      PORTD, 2
0x010C	0x2918      	GOTO       L_autoo71
L__autoo100:
;MyProject.c,206 :: 		while (LDR_CENTRE==on && LDR_CENTRE==off && LDR_LEFT==on)
L_autoo72:
0x010D	0x1C88      	BTFSS      PORTD, 1
0x010E	0x2917      	GOTO       L_autoo73
0x010F	0x1888      	BTFSC      PORTD, 1
0x0110	0x2917      	GOTO       L_autoo73
0x0111	0x1D08      	BTFSS      PORTD, 2
0x0112	0x2917      	GOTO       L_autoo73
L__autoo99:
;MyProject.c,208 :: 		RIGHT();
0x0113	0x2020      	CALL       _RIGHT
;MyProject.c,209 :: 		up() ;
0x0114	0x202B      	CALL       _up
;MyProject.c,210 :: 		Hold() ;
0x0115	0x2039      	CALL       _Hold
;MyProject.c,211 :: 		}
0x0116	0x290D      	GOTO       L_autoo72
L_autoo73:
0x0117	0x2928      	GOTO       L_autoo76
L_autoo71:
;MyProject.c,212 :: 		else if (LDR_RIGHT==off && LDR_CENTRE==off && LDR_LEFT==off)
0x0118	0x1808      	BTFSC      PORTD, 0
0x0119	0x2928      	GOTO       L_autoo79
0x011A	0x1888      	BTFSC      PORTD, 1
0x011B	0x2928      	GOTO       L_autoo79
0x011C	0x1908      	BTFSC      PORTD, 2
0x011D	0x2928      	GOTO       L_autoo79
L__autoo98:
;MyProject.c,213 :: 		while (LDR_RIGHT==off && LDR_CENTRE==off && LDR_LEFT==off)
L_autoo80:
0x011E	0x1808      	BTFSC      PORTD, 0
0x011F	0x2928      	GOTO       L_autoo81
0x0120	0x1888      	BTFSC      PORTD, 1
0x0121	0x2928      	GOTO       L_autoo81
0x0122	0x1908      	BTFSC      PORTD, 2
0x0123	0x2928      	GOTO       L_autoo81
L__autoo97:
;MyProject.c,215 :: 		Motor_off();
0x0124	0x2015      	CALL       _Motor_off
;MyProject.c,216 :: 		up() ;
0x0125	0x202B      	CALL       _up
;MyProject.c,217 :: 		Hold() ;
0x0126	0x2039      	CALL       _Hold
;MyProject.c,218 :: 		}
0x0127	0x291E      	GOTO       L_autoo80
L_autoo81:
L_autoo79:
L_autoo76:
L_autoo68:
L_autoo60:
L_autoo52:
L_autoo44:
L_autoo36:
L_autoo28:
;MyProject.c,219 :: 		}
0x0128	0x2961      	GOTO       L_autoo84
L_autoo20:
;MyProject.c,221 :: 		else if (LDR_FRONT==off)  //
0x0129	0x1988      	BTFSC      PORTD, 3
0x012A	0x295F      	GOTO       L_autoo85
;MyProject.c,223 :: 		while (LDR_FRONT==on)
0x012B	0x1D88      	BTFSS      PORTD, 3
0x012C	0x295E      	GOTO       L_autoo87
;MyProject.c,225 :: 		Motor_off();
0x012D	0x2015      	CALL       _Motor_off
;MyProject.c,226 :: 		up() ;
0x012E	0x202B      	CALL       _up
;MyProject.c,227 :: 		Hold() ;
0x012F	0x2039      	CALL       _Hold
;MyProject.c,228 :: 		Delay_ms(3000);
0x0130	0x3010      	MOVLW      16
0x0131	0x00FB      	MOVWF      R11
0x0132	0x3039      	MOVLW      57
0x0133	0x00FC      	MOVWF      R12
0x0134	0x300D      	MOVLW      13
0x0135	0x00FD      	MOVWF      R13
L_autoo88:
0x0136	0x0BFD      	DECFSZ     R13, 1
0x0137	0x2936      	GOTO       L_autoo88
0x0138	0x0BFC      	DECFSZ     R12, 1
0x0139	0x2936      	GOTO       L_autoo88
0x013A	0x0BFB      	DECFSZ     R11, 1
0x013B	0x2936      	GOTO       L_autoo88
0x013C	0x0000      	NOP
0x013D	0x0000      	NOP
;MyProject.c,229 :: 		Release();
0x013E	0x2032      	CALL       _Release
;MyProject.c,230 :: 		Delay_ms(3000);
0x013F	0x3010      	MOVLW      16
0x0140	0x00FB      	MOVWF      R11
0x0141	0x3039      	MOVLW      57
0x0142	0x00FC      	MOVWF      R12
0x0143	0x300D      	MOVLW      13
0x0144	0x00FD      	MOVWF      R13
L_autoo89:
0x0145	0x0BFD      	DECFSZ     R13, 1
0x0146	0x2945      	GOTO       L_autoo89
0x0147	0x0BFC      	DECFSZ     R12, 1
0x0148	0x2945      	GOTO       L_autoo89
0x0149	0x0BFB      	DECFSZ     R11, 1
0x014A	0x2945      	GOTO       L_autoo89
0x014B	0x0000      	NOP
0x014C	0x0000      	NOP
;MyProject.c,231 :: 		Backward();
0x014D	0x2040      	CALL       _Backward
;MyProject.c,232 :: 		Delay_ms(3000);
0x014E	0x3010      	MOVLW      16
0x014F	0x00FB      	MOVWF      R11
0x0150	0x3039      	MOVLW      57
0x0151	0x00FC      	MOVWF      R12
0x0152	0x300D      	MOVLW      13
0x0153	0x00FD      	MOVWF      R13
L_autoo90:
0x0154	0x0BFD      	DECFSZ     R13, 1
0x0155	0x2954      	GOTO       L_autoo90
0x0156	0x0BFC      	DECFSZ     R12, 1
0x0157	0x2954      	GOTO       L_autoo90
0x0158	0x0BFB      	DECFSZ     R11, 1
0x0159	0x2954      	GOTO       L_autoo90
0x015A	0x0000      	NOP
0x015B	0x0000      	NOP
;MyProject.c,233 :: 		OFFF();
0x015C	0x205D      	CALL       _OFFF
;MyProject.c,235 :: 		return ;
0x015D	0x2962      	GOTO       L_end_autoo
;MyProject.c,236 :: 		}
L_autoo87:
;MyProject.c,237 :: 		}
0x015E	0x2961      	GOTO       L_autoo91
L_autoo85:
;MyProject.c,240 :: 		Motor_off();
0x015F	0x2015      	CALL       _Motor_off
;MyProject.c,241 :: 		Hold() ;
0x0160	0x2039      	CALL       _Hold
;MyProject.c,242 :: 		}
L_autoo91:
L_autoo84:
;MyProject.c,244 :: 		}
0x0161	0x289B      	GOTO       L_autoo18
L_autoo19:
;MyProject.c,245 :: 		}
L_end_autoo:
0x0162	0x0008      	RETURN
; end of _autoo
_main:
;MyProject.c,250 :: 		void main()
;MyProject.c,252 :: 		ADCON1=7;
0x0163	0x3007      	MOVLW      7
0x0164	0x1683      	BSF        STATUS, 5
0x0165	0x1303      	BCF        STATUS, 6
0x0166	0x009F      	MOVWF      ADCON1
;MyProject.c,253 :: 		CMCON=7;
0x0167	0x3007      	MOVLW      7
0x0168	0x009C      	MOVWF      CMCON
;MyProject.c,254 :: 		TRISB=0 ;
0x0169	0x0186      	CLRF       TRISB
;MyProject.c,255 :: 		TRISC=1 ;
0x016A	0x3001      	MOVLW      1
0x016B	0x0087      	MOVWF      TRISC
;MyProject.c,256 :: 		TRISD=0b00111111 ;
0x016C	0x303F      	MOVLW      63
0x016D	0x0088      	MOVWF      TRISD
;MyProject.c,257 :: 		PORTB=0 ;
0x016E	0x1283      	BCF        STATUS, 5
0x016F	0x0186      	CLRF       PORTB
;MyProject.c,258 :: 		PORTC=0 ;
0x0170	0x0187      	CLRF       PORTC
;MyProject.c,259 :: 		PORTD=0 ;
0x0171	0x0188      	CLRF       PORTD
;MyProject.c,260 :: 		while(1)
L_main92:
;MyProject.c,264 :: 		if (Button_Auto==on)
0x0172	0x1E88      	BTFSS      PORTD, 5
0x0173	0x2976      	GOTO       L_main94
;MyProject.c,265 :: 		autoo ()  ;
0x0174	0x209B      	CALL       _autoo
0x0175	0x2979      	GOTO       L_main95
L_main94:
;MyProject.c,266 :: 		else if (Button_Auto==off)
0x0176	0x1A88      	BTFSC      PORTD, 5
0x0177	0x2979      	GOTO       L_main96
;MyProject.c,267 :: 		manual () ;
0x0178	0x2074      	CALL       _manual
L_main96:
L_main95:
;MyProject.c,271 :: 		}
0x0179	0x2972      	GOTO       L_main92
;MyProject.c,272 :: 		}
L_end_main:
0x017A	0x297A      	GOTO       $+0
; end of _main
Symbol List:
//** Routines locations **
//ADDRESS    SIZE    PROCEDURE
//----------------------------------------------
0x0003      [11]    _LEFT
0x000E       [7]    _down
0x0015      [11]    _Motor_off
0x0020      [11]    _RIGHT
0x002B       [7]    _up
0x0032       [7]    _Release
0x0039       [7]    _Hold
0x0040      [11]    _Backward
0x004B      [11]    _Forward
0x0056       [7]    _____DoICP
0x005D      [11]    _OFFF
0x0068      [12]    ___CC2DW
0x0074      [39]    _manual
0x009B     [200]    _autoo
0x0163      [24]    _main
//** Variables locations ** 
//ADDRESS    SIZE    VARIABLE
//----------------------------------------------
0x0000       [1]    INDF
0x0002       [1]    PCL
0x0003       [1]    STATUS
0x0004       [1]    FSR
0x0006       [1]    PORTB
0x0007       [1]    PORTC
0x0008       [1]    PORTD
0x000A       [1]    PCLATH
0x0020       [2]    ___DoICPAddr
0x0070       [1]    R0
0x0071       [1]    R1
0x0072       [1]    R2
0x0073       [1]    R3
0x0074       [1]    R4
0x0075       [1]    R5
0x0076       [1]    R6
0x0077       [1]    R7
0x0078       [1]    R8
0x0079       [1]    R9
0x007A       [1]    R10
0x007B       [1]    R11
0x007C       [1]    R12
0x007D       [1]    R13
0x007E       [1]    R14
0x007F       [1]    R15
0x0086       [1]    TRISB
0x0087       [1]    TRISC
0x0088       [1]    TRISD
0x009C       [1]    CMCON
0x009F       [1]    ADCON1
//** Label List: ** 
//----------------------------------------------
  L_manual0
  L_manual1
  L_manual2
  L_manual3
  L_manual4
  L_manual5
  L_manual6
  L_manual7
  L_manual8
  L_manual9
  L_manual10
  L_manual11
  L_manual12
  L_manual13
  L_manual14
  L_manual15
  L_manual16
  L_manual17
  L_autoo18
  L_autoo19
  L_autoo20
  L_autoo21
  L_autoo22
  L_autoo23
  L_autoo24
  L_autoo25
  L_autoo26
  L_autoo27
  L_autoo28
  L_autoo29
  L_autoo30
  L_autoo31
  L_autoo32
  L_autoo33
  L_autoo34
  L_autoo35
  L_autoo36
  L_autoo37
  L_autoo38
  L_autoo39
  L_autoo40
  L_autoo41
  L_autoo42
  L_autoo43
  L_autoo44
  L_autoo45
  L_autoo46
  L_autoo47
  L_autoo48
  L_autoo49
  L_autoo50
  L_autoo51
  L_autoo52
  L_autoo53
  L_autoo54
  L_autoo55
  L_autoo56
  L_autoo57
  L_autoo58
  L_autoo59
  L_autoo60
  L_autoo61
  L_autoo62
  L_autoo63
  L_autoo64
  L_autoo65
  L_autoo66
  L_autoo67
  L_autoo68
  L_autoo69
  L_autoo70
  L_autoo71
  L_autoo72
  L_autoo73
  L_autoo74
  L_autoo75
  L_autoo76
  L_autoo77
  L_autoo78
  L_autoo79
  L_autoo80
  L_autoo81
  L_autoo82
  L_autoo83
  L_autoo84
  L_autoo85
  L_autoo86
  L_autoo87
  L_autoo88
  L_autoo89
  L_autoo90
  L_autoo91
  L_main92
  L_main93
  L_main94
  L_main95
  L_main96
  L__autoo97
  L__autoo98
  L__autoo99
  L__autoo100
  L__autoo101
  L__autoo102
  L__autoo103
  L__autoo104
  L__autoo105
  L__autoo106
  L__autoo107
  L__autoo108
  L__autoo109
  L__autoo110
  L__autoo111
  L__autoo112
  L_end_Forward
  _Forward
  L_end_Backward
  _Backward
  L_end_LEFT
  _LEFT
  L_end_RIGHT
  _RIGHT
  L_end_Motor_off
  _Motor_off
  L_end_Hold
  _Hold
  L_end_Release
  _Release
  L_end_up
  _up
  L_end_down
  _down
  L_end_Gripper_OFF
  _Gripper_OFF
  L_end_OFFF
  _OFFF
  L_end_manual
  _manual
  L_end_autoo
  _autoo
  L_end_main
  _main
  L_loopCA2AWs
  L_CA2AWend
  _CCA2AW_Loop1
  L_loopCS2Ss
  L_CS2Send
  _CCS2S_Loop1
  L_CCS2Send
  L_loopFZinSWs
  L_FZinSend
  _CC2D_Loop1
  L_end_____DoICP
  _____DoICP
  L_end_____DoIFC
  _____DoIFC
  L_end___CA2AW
  ___CA2AW
  L_end___CCA2AW
  ___CCA2AW
  L_end___CS2S
  ___CS2S
  L_end___CCS2S
  ___CCS2S
  L_end___FZinS
  ___FZinS
  L_end___CC2DW
  ___CC2DW
  L_end_Swap
  _Swap
